0 info it worked if it ends with ok
1 verbose cli [ '/usr/bin/node', '/usr/bin/npm', 'init', '--yes' ]
2 info using npm@3.5.2
3 info using node@v8.10.0
4 verbose config Skipping project config: /home/dandy/.npmrc. (matches userconfig)
5 silly package data undefined
6 info init written successfully
7 verbose stack Error: Invalid name: "05. Nodemon"
7 verbose stack     at ensureValidName (/usr/share/npm/node_modules/normalize-package-data/lib/fixer.js:336:15)
7 verbose stack     at Object.fixNameField (/usr/share/npm/node_modules/normalize-package-data/lib/fixer.js:215:5)
7 verbose stack     at /usr/share/npm/node_modules/normalize-package-data/lib/normalize.js:32:38
7 verbose stack     at Array.forEach (<anonymous>)
7 verbose stack     at normalize (/usr/share/npm/node_modules/normalize-package-data/lib/normalize.js:31:15)
7 verbose stack     at final (/usr/share/npm/node_modules/read-package-json/read-json.js:338:5)
7 verbose stack     at then (/usr/share/npm/node_modules/read-package-json/read-json.js:113:5)
7 verbose stack     at /usr/share/npm/node_modules/read-package-json/read-json.js:232:12
7 verbose stack     at /usr/share/npm/node_modules/graceful-fs/graceful-fs.js:76:16
7 verbose stack     at FSReqWrap.readFileAfterClose [as oncomplete] (fs.js:511:3)
8 verbose cwd /home/dandy/Keep/Node.js/04. Building RESTful API_s Using Express/Applications/05. Nodemon
9 error Linux 5.3.0-42-generic
10 error argv "/usr/bin/node" "/usr/bin/npm" "init" "--yes"
11 error node v8.10.0
12 error npm  v3.5.2
13 error Invalid name: "05. Nodemon"
14 error If you need help, you may report this error at:
14 error     <https://github.com/npm/npm/issues>
15 verbose exit [ 1, true ]
